app/build/intermediates/manifest_merge_blame_file/googleDebug/manifest-merger-blame-google-debug-report.txt
1<?xml version="1.0" encoding="utf-8"?>
2<manifest xmlns:android="http://schemas.android.com/apk/res/android"
3    package="com.bytedance.club"
4    android:versionCode="1000009"
5    android:versionName="100.0.0.9" >
6
7    <uses-sdk
8        android:minSdkVersion="21"
8-->src\main\AndroidManifest.xml
9        android:targetSdkVersion="30" />
9-->src\main\AndroidManifest.xml
10
11    <uses-permission android:name="android.permission.ACCESS_NETWORK_STATE" />
11-->src\main\AndroidManifest.xml:8:5-79
11-->src\main\AndroidManifest.xml:8:22-76
12    <uses-permission android:name="android.permission.INTERNET" />
12-->src\main\AndroidManifest.xml:9:5-66
12-->src\main\AndroidManifest.xml:9:22-64
13    <uses-permission android:name="android.permission.CAMERA" />
13-->src\main\AndroidManifest.xml:10:5-65
13-->src\main\AndroidManifest.xml:10:22-62
14    <uses-permission android:name="android.permission.ACCESS_FINE_LOCATION" />
14-->src\main\AndroidManifest.xml:11:5-79
14-->src\main\AndroidManifest.xml:11:22-76
15    <uses-permission android:name="android.permission.ACCESS_COARSE_LOCATION" />
15-->src\main\AndroidManifest.xml:12:5-81
15-->src\main\AndroidManifest.xml:12:22-78
16    <uses-permission android:name="android.permission.READ_EXTERNAL_STORAGE" />
16-->src\main\AndroidManifest.xml:13:5-80
16-->src\main\AndroidManifest.xml:13:22-77
17    <uses-permission android:name="android.permission.WRITE_EXTERNAL_STORAGE" />
17-->src\main\AndroidManifest.xml:14:5-81
17-->src\main\AndroidManifest.xml:14:22-78
18    <uses-permission android:name="android.permission.READ_PHONE_STATE" />
18-->src\main\AndroidManifest.xml:15:5-75
18-->src\main\AndroidManifest.xml:15:22-72
19    <uses-permission android:name="android.permission.CALL_PHONE" />
19-->src\main\AndroidManifest.xml:16:5-69
19-->src\main\AndroidManifest.xml:16:22-66
20    <!-- <uses-permission android:name="android.permission.SEND_SMS" /> -->
21    <uses-permission android:name="android.permission.ACCESS_WIFI_STATE" />
21-->src\main\AndroidManifest.xml:18:5-76
21-->src\main\AndroidManifest.xml:18:22-73
22    <uses-permission android:name="android.permission.READ_LOGS" />
22-->src\main\AndroidManifest.xml:19:5-68
22-->src\main\AndroidManifest.xml:19:22-65
23    <uses-permission android:name="com.bytedance.club.permission.JPUSH_MESSAGE" />
23-->src\main\AndroidManifest.xml:20:22-78
24    <uses-permission android:name="android.permission.RECEIVE_USER_PRESENT" />
24-->src\main\AndroidManifest.xml:21:5-79
24-->src\main\AndroidManifest.xml:21:22-76
25    <uses-permission android:name="android.permission.WAKE_LOCK" />
25-->src\main\AndroidManifest.xml:22:5-68
25-->src\main\AndroidManifest.xml:22:22-65
26    <uses-permission android:name="android.permission.VIBRATE" />
26-->src\main\AndroidManifest.xml:23:5-66
26-->src\main\AndroidManifest.xml:23:22-63
27    <uses-permission android:name="android.permission.MOUNT_UNMOUNT_FILESYSTEMS" />
27-->src\main\AndroidManifest.xml:24:5-84
27-->src\main\AndroidManifest.xml:24:22-81
28    <uses-permission android:name="android.permission.WRITE_SETTINGS" />
28-->src\main\AndroidManifest.xml:25:5-73
28-->src\main\AndroidManifest.xml:25:22-70
29
30    <queries>
30-->src\main\AndroidManifest.xml:510:5-514:15
31        <intent>
31-->src\main\AndroidManifest.xml:511:9-513:18
32            <action android:name="com.huawei.hms.core.aidlservice" />
32-->src\main\AndroidManifest.xml:512:13-70
32-->src\main\AndroidManifest.xml:512:21-67
33        </intent>
34        <intent>
34-->src\main\AndroidManifest.xml:511:9-513:18
35            <action android:name="android.intent.action.VIEW" />
35-->src\main\AndroidManifest.xml:60:17-69
35-->src\main\AndroidManifest.xml:60:25-66
36
37            <category android:name="android.intent.category.BROWSABLE" />
37-->src\main\AndroidManifest.xml:62:17-78
37-->src\main\AndroidManifest.xml:62:27-75
38
39            <data android:scheme="https" />
39-->src\main\AndroidManifest.xml:65:17-67:50
39-->src\main\AndroidManifest.xml:67:21-47
40        </intent>
41        <intent>
41-->src\main\AndroidManifest.xml:511:9-513:18
42            <action android:name="android.intent.action.VIEW" />
42-->src\main\AndroidManifest.xml:60:17-69
42-->src\main\AndroidManifest.xml:60:25-66
43
44            <category android:name="android.intent.category.BROWSABLE" />
44-->src\main\AndroidManifest.xml:62:17-78
44-->src\main\AndroidManifest.xml:62:27-75
45
46            <data android:scheme="https" />
46-->src\main\AndroidManifest.xml:65:17-67:50
46-->src\main\AndroidManifest.xml:67:21-47
47        </intent>
48        <intent>
48-->src\main\AndroidManifest.xml:511:9-513:18
49            <action android:name="android.intent.action.VIEW" />
49-->src\main\AndroidManifest.xml:60:17-69
49-->src\main\AndroidManifest.xml:60:25-66
50
51            <data android:scheme="https" />
51-->src\main\AndroidManifest.xml:65:17-67:50
51-->src\main\AndroidManifest.xml:67:21-47
52        </intent>
53    </queries>
54
55    <uses-permission android:name="com.bytedance.club.openadsdk.permission.TT_PANGOLIN" />
55-->[:open_ad_sdk_4.5.1.1:] AndroidManifest.xml:6:5-88
55-->[:open_ad_sdk_4.5.1.1:] AndroidManifest.xml:6:22-86
56    <uses-permission android:name="com.asus.msa.SupplementaryDID.ACCESS" />
56-->[:open_ad_sdk_4.5.1.1:] AndroidManifest.xml:7:5-75
56-->[:open_ad_sdk_4.5.1.1:] AndroidManifest.xml:7:22-73
57
58    <permission
58-->[:open_ad_sdk_4.5.1.1:] AndroidManifest.xml:9:5-119
59        android:name="com.bytedance.club.openadsdk.permission.TT_PANGOLIN"
59-->[:open_ad_sdk_4.5.1.1:] AndroidManifest.xml:9:17-81
60        android:protectionLevel="signature" />
60-->[:open_ad_sdk_4.5.1.1:] AndroidManifest.xml:9:82-117
61
62    <uses-permission android:name="android.permission.CHANGE_WIFI_STATE" />
62-->[:wind-sdk-4.3.0:] AndroidManifest.xml:15:5-76
62-->[:wind-sdk-4.3.0:] AndroidManifest.xml:15:22-73
63    <uses-permission android:name="android.permission.REQUEST_INSTALL_PACKAGES" /> <!-- SigMob3.1.0版本新增：建议添加“query_all_package”权限，SigMob将通过此权限在Android R系统上判定广告对应的应用是否在用户的app上安装，避免投放错误的广告，以此提高用户的广告体验。若添加此权限，需要在您的用户隐私文档中声明！ -->
63-->[:wind-sdk-4.3.0:] AndroidManifest.xml:17:5-83
63-->[:wind-sdk-4.3.0:] AndroidManifest.xml:17:22-80
64    <uses-permission android:name="android.permission.QUERY_ALL_PACKAGES" />
64-->[:wind-sdk-4.3.0:] AndroidManifest.xml:19:5-21:53
64-->[:wind-sdk-4.3.0:] AndroidManifest.xml:20:9-61
65    <uses-permission android:name="freemme.permission.msa" /> <!-- 动态壁纸权限 -->
65-->[:oaid_sdk_1.0.25:] AndroidManifest.xml:15:5-62
65-->[:oaid_sdk_1.0.25:] AndroidManifest.xml:15:22-59
66    <uses-permission android:name="android.permission.SET_WALLPAPER" />
66-->[:kssdk-ct-3.3.31-publishRelease-63a901486-fullAbi:] AndroidManifest.xml:20:5-72
66-->[:kssdk-ct-3.3.31-publishRelease-63a901486-fullAbi:] AndroidManifest.xml:20:22-69
67    <uses-permission android:name="android.permission.BLUETOOTH" />
67-->[:kssdk-ct-3.3.31-publishRelease-63a901486-fullAbi:] AndroidManifest.xml:24:5-68
67-->[:kssdk-ct-3.3.31-publishRelease-63a901486-fullAbi:] AndroidManifest.xml:24:22-65
68    <uses-permission android:name="android.permission.CHANGE_NETWORK_STATE" />
68-->[:GDTSDK.unionNormal.4.462.1332:] AndroidManifest.xml:16:5-79
68-->[:GDTSDK.unionNormal.4.462.1332:] AndroidManifest.xml:16:22-76
69    <uses-permission android:name="android.permission.REORDER_TASKS" /> <!-- Required by older versions of Google Play services to create IID tokens -->
69-->[:GDTSDK.unionNormal.4.462.1332:] AndroidManifest.xml:18:5-72
69-->[:GDTSDK.unionNormal.4.462.1332:] AndroidManifest.xml:18:22-69
70    <uses-permission android:name="com.google.android.c2dm.permission.RECEIVE" />
70-->[com.google.firebase:firebase-messaging:22.0.0] AndroidManifest.xml:25:5-82
70-->[com.google.firebase:firebase-messaging:22.0.0] AndroidManifest.xml:25:22-79
71    <uses-permission android:name="com.android.vending.BILLING" />
71-->[com.android.billingclient:billing:3.0.0] AndroidManifest.xml:10:5-67
71-->[com.android.billingclient:billing:3.0.0] AndroidManifest.xml:10:22-64
72    <uses-permission android:name="com.google.android.finsky.permission.BIND_GET_INSTALL_REFERRER_SERVICE" /> <!-- Android8.0允许未知来源应用安装的权限 -->
72-->[com.android.installreferrer:installreferrer:2.2] AndroidManifest.xml:9:5-110
72-->[com.android.installreferrer:installreferrer:2.2] AndroidManifest.xml:9:22-107
73    <!-- <uses-permission android:name="android.permission.REQUEST_INSTALL_PACKAGES" /> -->
74    <application
74-->src\main\AndroidManifest.xml:29:5-509:19
75        android:name="com.bytedance.club.PlotRead"
75-->src\main\AndroidManifest.xml:30:9-51
76        android:allowBackup="false"
76-->src\main\AndroidManifest.xml:31:9-36
77        android:appComponentFactory="androidx.core.app.CoreComponentFactory"
77-->[androidx.core:core:1.5.0] AndroidManifest.xml:24:18-86
78        android:debuggable="true"
79        android:icon="@drawable/logo_novel_star"
79-->src\main\AndroidManifest.xml:32:9-49
80        android:label="@string/app_name"
80-->src\main\AndroidManifest.xml:33:9-41
81        android:largeHeap="true"
81-->src\main\AndroidManifest.xml:36:9-33
82        android:networkSecurityConfig="@xml/network_security_config"
82-->src\main\AndroidManifest.xml:34:9-69
83        android:requestLegacyExternalStorage="true"
83-->src\main\AndroidManifest.xml:37:9-52
84        android:supportsRtl="true"
84-->src\main\AndroidManifest.xml:35:9-35
85        android:theme="@style/TranslucentTheme"
85-->src\main\AndroidManifest.xml:39:9-48
86        android:usesCleartextTraffic="true" >
86-->src\main\AndroidManifest.xml:38:9-44
87        <meta-data
88            android:name="UMENG_CHANNEL"
88-->src\main\AndroidManifest.xml:43:13-41
89            android:value="google" />
89-->src\main\AndroidManifest.xml:44:13-51
90
91        <activity
91-->src\main\AndroidManifest.xml:46:9-80:20
92            android:name="com.bytedance.club.SplashActivity"
92-->src\main\AndroidManifest.xml:47:13-61
93            android:configChanges="orientation|screenSize"
93-->src\main\AndroidManifest.xml:48:13-59
94            android:exported="true"
94-->src\main\AndroidManifest.xml:50:13-36
95            android:screenOrientation="portrait"
95-->src\main\AndroidManifest.xml:49:13-49
96            android:theme="@style/SplashTheme" >
96-->src\main\AndroidManifest.xml:51:13-47
97            <intent-filter>
97-->src\main\AndroidManifest.xml:52:13-56:29
98                <action android:name="android.intent.action.MAIN" />
98-->src\main\AndroidManifest.xml:53:17-69
98-->src\main\AndroidManifest.xml:53:25-66
99
100                <category android:name="android.intent.category.DEFAULT" />
100-->src\main\AndroidManifest.xml:54:17-76
100-->src\main\AndroidManifest.xml:54:27-73
101                <category android:name="android.intent.category.LAUNCHER" />
101-->src\main\AndroidManifest.xml:55:17-77
101-->src\main\AndroidManifest.xml:55:27-74
102            </intent-filter>
103            <intent-filter>
103-->src\main\AndroidManifest.xml:59:13-68:29
104                <action android:name="android.intent.action.VIEW" />
104-->src\main\AndroidManifest.xml:60:17-69
104-->src\main\AndroidManifest.xml:60:25-66
105
106                <category android:name="android.intent.category.BROWSABLE" />
106-->src\main\AndroidManifest.xml:62:17-78
106-->src\main\AndroidManifest.xml:62:27-75
107                <category android:name="android.intent.category.DEFAULT" />
107-->src\main\AndroidManifest.xml:54:17-76
107-->src\main\AndroidManifest.xml:54:27-73
108
109                <data
109-->src\main\AndroidManifest.xml:65:17-67:50
110                    android:host="novelstar.top"
110-->src\main\AndroidManifest.xml:66:21-49
111                    android:scheme="novelstar" />
111-->src\main\AndroidManifest.xml:67:21-47
112            </intent-filter>
113            <intent-filter>
113-->src\main\AndroidManifest.xml:69:13-78:29
114                <action android:name="android.intent.action.VIEW" />
114-->src\main\AndroidManifest.xml:60:17-69
114-->src\main\AndroidManifest.xml:60:25-66
115
116                <category android:name="android.intent.category.DEFAULT" />
116-->src\main\AndroidManifest.xml:54:17-76
116-->src\main\AndroidManifest.xml:54:27-73
117                <category android:name="android.intent.category.BROWSABLE" />
117-->src\main\AndroidManifest.xml:62:17-78
117-->src\main\AndroidManifest.xml:62:27-75
118
119                <data android:scheme="@string/fb_login_protocol_scheme" />
119-->src\main\AndroidManifest.xml:65:17-67:50
119-->src\main\AndroidManifest.xml:67:21-47
120            </intent-filter>
121        </activity>
122        <activity
122-->src\main\AndroidManifest.xml:82:9-97:20
123            android:name="com.bytedance.club.homepage.HomeActivity"
123-->src\main\AndroidManifest.xml:83:13-68
124            android:launchMode="singleTask"
124-->src\main\AndroidManifest.xml:84:13-44
125            android:screenOrientation="portrait"
125-->src\main\AndroidManifest.xml:86:13-49
126            android:windowSoftInputMode="adjustPan|stateHidden" >
126-->src\main\AndroidManifest.xml:85:13-64
127            <intent-filter>
127-->src\main\AndroidManifest.xml:88:13-96:29
128                <action android:name="android.intent.action.VIEW" />
128-->src\main\AndroidManifest.xml:60:17-69
128-->src\main\AndroidManifest.xml:60:25-66
129
130                <category android:name="android.intent.category.BROWSABLE" />
130-->src\main\AndroidManifest.xml:62:17-78
130-->src\main\AndroidManifest.xml:62:27-75
131                <category android:name="android.intent.category.DEFAULT" />
131-->src\main\AndroidManifest.xml:54:17-76
131-->src\main\AndroidManifest.xml:54:27-73
132
133                <data
133-->src\main\AndroidManifest.xml:65:17-67:50
134                    android:host="novelstar.top"
134-->src\main\AndroidManifest.xml:66:21-49
135                    android:scheme="novelstarin" />
135-->src\main\AndroidManifest.xml:67:21-47
136            </intent-filter>
137        </activity>
138        <activity
138-->src\main\AndroidManifest.xml:99:9-101:51
139            android:name="com.bytedance.club.booktopup.TopUpActivity"
139-->src\main\AndroidManifest.xml:100:13-70
140            android:screenOrientation="portrait" />
140-->src\main\AndroidManifest.xml:101:13-49
141        <activity
141-->src\main\AndroidManifest.xml:102:9-104:51
142            android:name="com.bytedance.club.bookbill.BillDetailsActivity"
142-->src\main\AndroidManifest.xml:103:13-75
143            android:screenOrientation="portrait" />
143-->src\main\AndroidManifest.xml:104:13-49
144        <activity
144-->src\main\AndroidManifest.xml:106:9-108:51
145            android:name="com.bytedance.club.bookbill.WalletActivity"
145-->src\main\AndroidManifest.xml:107:13-70
146            android:screenOrientation="portrait" />
146-->src\main\AndroidManifest.xml:108:13-49
147        <activity
147-->src\main\AndroidManifest.xml:110:9-112:51
148            android:name="com.bytedance.club.bookbill.BillActivity"
148-->src\main\AndroidManifest.xml:111:13-68
149            android:screenOrientation="portrait" />
149-->src\main\AndroidManifest.xml:112:13-49
150        <activity
150-->src\main\AndroidManifest.xml:114:9-116:51
151            android:name="com.bytedance.club.bookbill.ChapterUnlockActivity"
151-->src\main\AndroidManifest.xml:115:13-77
152            android:screenOrientation="portrait" />
152-->src\main\AndroidManifest.xml:116:13-49
153        <activity
153-->src\main\AndroidManifest.xml:118:9-120:52
154            android:name="com.bytedance.club.bookcase.ReadHistoryActivity"
154-->src\main\AndroidManifest.xml:119:13-75
155            android:screenOrientation="portrait" />
155-->src\main\AndroidManifest.xml:120:13-49
156
157        <!-- <activity -->
158        <!-- android:name="com.bytedance.club.ranking.RankingListFragment" -->
159        <!-- android:screenOrientation="portrait" /> -->
160
161        <activity
161-->src\main\AndroidManifest.xml:127:9-130:52
162            android:name="com.bytedance.club.person.readinglevel.SignAndWelfareActivity"
162-->src\main\AndroidManifest.xml:128:13-89
163            android:launchMode="singleTask"
163-->src\main\AndroidManifest.xml:129:13-44
164            android:screenOrientation="portrait" />
164-->src\main\AndroidManifest.xml:130:13-49
165        <activity
165-->src\main\AndroidManifest.xml:132:9-134:52
166            android:name="com.bytedance.club.person.readinglevel.SignRuleActivity"
166-->src\main\AndroidManifest.xml:133:13-83
167            android:screenOrientation="portrait" />
167-->src\main\AndroidManifest.xml:134:13-49
168        <activity
168-->src\main\AndroidManifest.xml:136:9-138:52
169            android:name="com.bytedance.club.person.readingtask.TaskDetailActivity"
169-->src\main\AndroidManifest.xml:137:13-84
170            android:screenOrientation="portrait" />
170-->src\main\AndroidManifest.xml:138:13-49
171        <activity
171-->src\main\AndroidManifest.xml:140:9-142:61
172            android:name="com.bytedance.club.bookdetail.WorkDetailActivity"
172-->src\main\AndroidManifest.xml:141:13-76
173            android:screenOrientation="portrait" />
173-->src\main\AndroidManifest.xml:142:13-49
174        <activity
174-->src\main\AndroidManifest.xml:144:9-146:51
175            android:name="com.bytedance.club.bookdiscover.DiscoverMoreActivity"
175-->src\main\AndroidManifest.xml:145:13-80
176            android:screenOrientation="portrait" />
176-->src\main\AndroidManifest.xml:146:13-49
177        <activity
177-->src\main\AndroidManifest.xml:148:9-150:51
178            android:name="com.bytedance.club.bookmessage.activity.MessageDetailActivity"
178-->src\main\AndroidManifest.xml:149:13-89
179            android:screenOrientation="portrait" />
179-->src\main\AndroidManifest.xml:150:13-49
180        <activity
180-->src\main\AndroidManifest.xml:152:9-154:51
181            android:name="com.bytedance.club.booklibrary.LibraryActivity"
181-->src\main\AndroidManifest.xml:153:13-74
182            android:screenOrientation="portrait" />
182-->src\main\AndroidManifest.xml:154:13-49
183        <activity
183-->src\main\AndroidManifest.xml:156:9-158:52
184            android:name="com.bytedance.club.bookdetail.CatalogActivity"
184-->src\main\AndroidManifest.xml:157:13-73
185            android:screenOrientation="portrait" />
185-->src\main\AndroidManifest.xml:158:13-49
186        <activity
186-->src\main\AndroidManifest.xml:160:9-162:52
187            android:name="com.bytedance.club.bookdetail.FansListActivity"
187-->src\main\AndroidManifest.xml:161:13-74
188            android:screenOrientation="portrait" />
188-->src\main\AndroidManifest.xml:162:13-49
189        <activity
189-->src\main\AndroidManifest.xml:165:9-167:52
190            android:name="com.bytedance.club.person.personcenter.ReportActivity"
190-->src\main\AndroidManifest.xml:166:13-81
191            android:screenOrientation="portrait" />
191-->src\main\AndroidManifest.xml:167:13-49
192        <activity
192-->src\main\AndroidManifest.xml:169:9-172:52
193            android:name="com.bytedance.club.bookdetail.FansRuleActivity"
193-->src\main\AndroidManifest.xml:170:13-74
194            android:launchMode="singleTask"
194-->src\main\AndroidManifest.xml:171:13-44
195            android:screenOrientation="portrait" />
195-->src\main\AndroidManifest.xml:172:13-49
196        <activity
196-->src\main\AndroidManifest.xml:174:9-176:52
197            android:name="com.bytedance.club.bookdetail.WorkCommentListActivity"
197-->src\main\AndroidManifest.xml:175:13-81
198            android:screenOrientation="portrait" />
198-->src\main\AndroidManifest.xml:176:13-49
199        <activity
199-->src\main\AndroidManifest.xml:178:9-180:52
200            android:name="com.bytedance.club.bookdetail.WorkCommentDetailActivity"
200-->src\main\AndroidManifest.xml:179:13-83
201            android:screenOrientation="portrait" />
201-->src\main\AndroidManifest.xml:180:13-49
202        <activity
202-->src\main\AndroidManifest.xml:182:9-185:52
203            android:name="com.bytedance.club.person.landing.LoginActivity"
203-->src\main\AndroidManifest.xml:183:13-75
204            android:launchMode="singleTask"
204-->src\main\AndroidManifest.xml:184:13-44
205            android:screenOrientation="portrait" />
205-->src\main\AndroidManifest.xml:185:13-49
206        <activity
206-->src\main\AndroidManifest.xml:186:9-189:52
207            android:name="com.bytedance.club.person.landing.PrivatePolicyActivity"
207-->src\main\AndroidManifest.xml:187:13-83
208            android:launchMode="singleTask"
208-->src\main\AndroidManifest.xml:188:13-44
209            android:screenOrientation="portrait" />
209-->src\main\AndroidManifest.xml:189:13-49
210        <activity
210-->src\main\AndroidManifest.xml:191:9-194:52
211            android:name="com.bytedance.club.person.landing.ServiceTermsActivity"
211-->src\main\AndroidManifest.xml:192:13-82
212            android:launchMode="singleTask"
212-->src\main\AndroidManifest.xml:193:13-44
213            android:screenOrientation="portrait" />
213-->src\main\AndroidManifest.xml:194:13-49
214        <activity
214-->src\main\AndroidManifest.xml:196:9-199:52
215            android:name="com.bytedance.club.person.ReadPreferenceSettingActivity"
215-->src\main\AndroidManifest.xml:197:13-83
216            android:launchMode="singleTask"
216-->src\main\AndroidManifest.xml:198:13-44
217            android:screenOrientation="portrait" />
217-->src\main\AndroidManifest.xml:199:13-49
218        <activity
218-->src\main\AndroidManifest.xml:201:9-204:52
219            android:name="com.bytedance.club.ui.read.NewReadEndActivity"
219-->src\main\AndroidManifest.xml:202:13-73
220            android:launchMode="singleTask"
220-->src\main\AndroidManifest.xml:203:13-44
221            android:screenOrientation="portrait" />
221-->src\main\AndroidManifest.xml:204:13-49
222        <activity
222-->src\main\AndroidManifest.xml:206:9-209:52
223            android:name="com.bytedance.club.person.personcenter.SettingActivity"
223-->src\main\AndroidManifest.xml:207:13-82
224            android:launchMode="singleTask"
224-->src\main\AndroidManifest.xml:208:13-44
225            android:screenOrientation="portrait" />
225-->src\main\AndroidManifest.xml:209:13-49
226        <activity
226-->src\main\AndroidManifest.xml:211:9-214:52
227            android:name="com.bytedance.club.person.readingmsg.MessageActivity"
227-->src\main\AndroidManifest.xml:212:13-80
228            android:launchMode="singleTask"
228-->src\main\AndroidManifest.xml:213:13-44
229            android:screenOrientation="portrait" />
229-->src\main\AndroidManifest.xml:214:13-49
230        <activity
230-->src\main\AndroidManifest.xml:215:9-218:52
231            android:name="com.bytedance.club.person.readingmsg.SystemMessageDetailActivity"
231-->src\main\AndroidManifest.xml:216:13-92
232            android:launchMode="singleTask"
232-->src\main\AndroidManifest.xml:217:13-44
233            android:screenOrientation="portrait" />
233-->src\main\AndroidManifest.xml:218:13-49
234        <activity
234-->src\main\AndroidManifest.xml:220:9-223:52
235            android:name="com.bytedance.club.bookdetail.CommentReportActivity"
235-->src\main\AndroidManifest.xml:221:13-79
236            android:launchMode="singleTask"
236-->src\main\AndroidManifest.xml:222:13-44
237            android:screenOrientation="portrait" />
237-->src\main\AndroidManifest.xml:223:13-49
238        <activity
238-->src\main\AndroidManifest.xml:225:9-228:52
239            android:name="com.bytedance.club.bookdetail.PublishWorkCommentActivity"
239-->src\main\AndroidManifest.xml:226:13-84
240            android:launchMode="singleTask"
240-->src\main\AndroidManifest.xml:227:13-44
241            android:screenOrientation="portrait" />
241-->src\main\AndroidManifest.xml:228:13-49
242        <activity
242-->src\main\AndroidManifest.xml:230:9-233:52
243            android:name="com.bytedance.club.person.UserWorkCommentListActivity"
243-->src\main\AndroidManifest.xml:231:13-81
244            android:launchMode="singleTask"
244-->src\main\AndroidManifest.xml:232:13-44
245            android:screenOrientation="portrait" />
245-->src\main\AndroidManifest.xml:233:13-49
246        <activity
246-->src\main\AndroidManifest.xml:235:9-238:52
247            android:name="com.bytedance.club.person.personcenter.AutoBuyManagerActivity"
247-->src\main\AndroidManifest.xml:236:13-89
248            android:launchMode="singleTask"
248-->src\main\AndroidManifest.xml:237:13-44
249            android:screenOrientation="portrait" />
249-->src\main\AndroidManifest.xml:238:13-49
250        <activity
250-->src\main\AndroidManifest.xml:240:9-243:52
251            android:name="com.bytedance.club.person.personcenter.PushUpdateManagerActivity"
251-->src\main\AndroidManifest.xml:241:13-92
252            android:launchMode="singleTask"
252-->src\main\AndroidManifest.xml:242:13-44
253            android:screenOrientation="portrait" />
253-->src\main\AndroidManifest.xml:243:13-49
254        <activity
254-->src\main\AndroidManifest.xml:245:9-248:52
255            android:name="com.bytedance.club.person.personcenter.ManagerActivity"
255-->src\main\AndroidManifest.xml:246:13-82
256            android:launchMode="singleTask"
256-->src\main\AndroidManifest.xml:247:13-44
257            android:screenOrientation="portrait" />
257-->src\main\AndroidManifest.xml:248:13-49
258        <activity
258-->src\main\AndroidManifest.xml:250:9-253:52
259            android:name="com.bytedance.club.person.personcenter.AboutUsActivity"
259-->src\main\AndroidManifest.xml:251:13-82
260            android:launchMode="singleTask"
260-->src\main\AndroidManifest.xml:252:13-44
261            android:screenOrientation="portrait" />
261-->src\main\AndroidManifest.xml:253:13-49
262        <activity
262-->src\main\AndroidManifest.xml:255:9-258:52
263            android:name="com.bytedance.club.person.account.AccountActivity"
263-->src\main\AndroidManifest.xml:256:13-77
264            android:launchMode="singleTask"
264-->src\main\AndroidManifest.xml:257:13-44
265            android:screenOrientation="portrait" />
265-->src\main\AndroidManifest.xml:258:13-49
266        <activity
266-->src\main\AndroidManifest.xml:260:9-263:52
267            android:name="com.bytedance.club.person.account.RechargeRecordActivity"
267-->src\main\AndroidManifest.xml:261:13-84
268            android:launchMode="singleTask"
268-->src\main\AndroidManifest.xml:262:13-44
269            android:screenOrientation="portrait" />
269-->src\main\AndroidManifest.xml:263:13-49
270        <activity
270-->src\main\AndroidManifest.xml:265:9-268:52
271            android:name="com.bytedance.club.person.account.ConsumeRecordActivity"
271-->src\main\AndroidManifest.xml:266:13-83
272            android:launchMode="singleTask"
272-->src\main\AndroidManifest.xml:267:13-44
273            android:screenOrientation="portrait" />
273-->src\main\AndroidManifest.xml:268:13-49
274        <activity
274-->src\main\AndroidManifest.xml:270:9-273:52
275            android:name="com.bytedance.club.person.account.VoucherActivity"
275-->src\main\AndroidManifest.xml:271:13-77
276            android:launchMode="singleTask"
276-->src\main\AndroidManifest.xml:272:13-44
277            android:screenOrientation="portrait" />
277-->src\main\AndroidManifest.xml:273:13-49
278        <activity
278-->src\main\AndroidManifest.xml:275:9-278:52
279            android:name="com.bytedance.club.person.account.VoucherHelpActivity"
279-->src\main\AndroidManifest.xml:276:13-81
280            android:launchMode="singleTask"
280-->src\main\AndroidManifest.xml:277:13-44
281            android:screenOrientation="portrait" />
281-->src\main\AndroidManifest.xml:278:13-49
282        <activity
282-->src\main\AndroidManifest.xml:280:9-283:52
283            android:name="com.bytedance.club.person.account.OverdueVoucherActivity"
283-->src\main\AndroidManifest.xml:281:13-84
284            android:launchMode="singleTask"
284-->src\main\AndroidManifest.xml:282:13-44
285            android:screenOrientation="portrait" />
285-->src\main\AndroidManifest.xml:283:13-49
286        <activity
286-->src\main\AndroidManifest.xml:285:9-288:52
287            android:name="com.bytedance.club.person.account.VoucherExchangeActivity"
287-->src\main\AndroidManifest.xml:286:13-85
288            android:launchMode="singleTask"
288-->src\main\AndroidManifest.xml:287:13-44
289            android:screenOrientation="portrait" />
289-->src\main\AndroidManifest.xml:288:13-49
290        <activity
290-->src\main\AndroidManifest.xml:290:9-293:52
291            android:name="com.bytedance.club.person.UserInfoModifyActivity"
291-->src\main\AndroidManifest.xml:291:13-76
292            android:launchMode="singleTask"
292-->src\main\AndroidManifest.xml:292:13-44
293            android:screenOrientation="portrait" />
293-->src\main\AndroidManifest.xml:293:13-49
294        <activity
294-->src\main\AndroidManifest.xml:295:9-298:52
295            android:name="com.bytedance.club.booksearch.SearchActivity"
295-->src\main\AndroidManifest.xml:296:13-72
296            android:launchMode="singleTask"
296-->src\main\AndroidManifest.xml:297:13-44
297            android:screenOrientation="portrait" />
297-->src\main\AndroidManifest.xml:298:13-49
298        <activity
298-->src\main\AndroidManifest.xml:300:9-302:52
299            android:name="com.bytedance.club.BoyiWebActivity"
299-->src\main\AndroidManifest.xml:301:13-62
300            android:screenOrientation="portrait" />
300-->src\main\AndroidManifest.xml:302:13-49
301        <activity
301-->src\main\AndroidManifest.xml:303:9-305:52
302            android:name="com.bytedance.club.publics.Hil"
302-->src\main\AndroidManifest.xml:304:13-58
303            android:screenOrientation="portrait" />
303-->src\main\AndroidManifest.xml:305:13-49
304        <!-- <activity -->
305        <!-- android:name="com.bytedance.club.ireader.ui.activity.ReadActivity" -->